0 verbose cli C:\Program Files\nodejs\node.exe C:\Users\rukhs\AppData\Roaming\npm\node_modules\npm\bin\npm-cli.js
1 info using npm@11.14.1
2 info using node@v22.19.0
3 silly config load:file:C:\Users\rukhs\AppData\Roaming\npm\node_modules\npm\npmrc
4 silly config load:file:C:\Users\rukhs\Desktop\React Js\newsapp\.npmrc
5 silly config load:file:C:\Users\rukhs\.npmrc
6 silly config load:file:C:\Users\rukhs\AppData\Roaming\npm\etc\npmrc
7 verbose title npm run dev
8 verbose argv "run" "dev"
9 verbose logfile logs-max:10 dir:C:\Users\rukhs\Desktop\React Js\newsapp\%AppData%\npm-cache\_logs\2026-05-14T12_02_36_449Z-
10 verbose logfile C:\Users\rukhs\Desktop\React Js\newsapp\%AppData%\npm-cache\_logs\2026-05-14T12_02_36_449Z-debug-0.log
11 silly logfile done cleaning log files
12 http fetch GET https://registry.npmjs.org/npm attempt 1 failed with ENOENT
13 verbose stack Error: Missing script: "dev"
13 verbose stack
13 verbose stack To see a list of scripts, run:
13 verbose stack   npm run
13 verbose stack     at #run (C:\Users\rukhs\AppData\Roaming\npm\node_modules\npm\lib\commands\run.js:115:13)
13 verbose stack     at async RunScript.exec (C:\Users\rukhs\AppData\Roaming\npm\node_modules\npm\lib\commands\run.js:44:7)
13 verbose stack     at async Npm.exec (C:\Users\rukhs\AppData\Roaming\npm\node_modules\npm\lib\npm.js:193:9)
13 verbose stack     at async module.exports (C:\Users\rukhs\AppData\Roaming\npm\node_modules\npm\lib\cli\entry.js:67:5)
14 error Missing script: "dev"
14 error
14 error To see a list of scripts, run:
14 error   npm run
15 verbose cwd C:\Users\rukhs\Desktop\React Js\newsapp
16 verbose os Windows_NT 10.0.26200
17 verbose node v22.19.0
18 verbose npm  v11.14.1
19 verbose exit 1
20 verbose code 1
21 error A complete log of this run can be found in: C:\Users\rukhs\Desktop\React Js\newsapp\%AppData%\npm-cache\_logs\2026-05-14T12_02_36_449Z-debug-0.log
